\BOOKMARK [0][-]{chapter.1}{Introduction}{}
\BOOKMARK [1][-]{section.1.1}{Bitcoin and mining}{chapter.1}
\BOOKMARK [0][-]{chapter.2}{Three mining strategies}{}
\BOOKMARK [1][-]{section.2.1}{The Standard Mining Strategy}{chapter.2}
\BOOKMARK [1][-]{section.2.2}{Block Withholding Strategies}{chapter.2}
\BOOKMARK [2][-]{subsection.2.2.1}{Type I \(try to win\)}{section.2.2}
\BOOKMARK [2][-]{subsection.2.2.2}{Type 0 \(reach a tie and get some help\)}{section.2.2}
\BOOKMARK [1][-]{section.2.3}{Our Goal}{chapter.2}
\BOOKMARK [0][-]{chapter.3}{Calculation}{}
\BOOKMARK [1][-]{section.3.1}{Setup}{chapter.3}
\BOOKMARK [1][-]{section.3.2}{Calculating the probability of success}{chapter.3}
\BOOKMARK [2][-]{subsection.3.2.1}{Getting to the starting point}{section.3.2}
\BOOKMARK [2][-]{subsection.3.2.2}{Catching up from the starting point}{section.3.2}
\BOOKMARK [1][-]{section.3.3}{Block withholding attack - Type I}{chapter.3}
\BOOKMARK [1][-]{section.3.4}{Block withholding attack - Type 0}{chapter.3}
\BOOKMARK [1][-]{section.3.5}{The ,q phase space}{chapter.3}
\BOOKMARK [2][-]{subsection.3.5.1}{When is a Type 0 attack beneficial}{section.3.5}
\BOOKMARK [2][-]{subsection.3.5.2}{Comparing Type 0 to Type I}{section.3.5}
\BOOKMARK [1][-]{section.3.6}{The Strategy Phase Space}{chapter.3}
\BOOKMARK [0][-]{appendix.A}{Calculation Details}{}
\BOOKMARK [1][-]{section.A.1}{Probability distribution}{appendix.A}
\BOOKMARK [1][-]{section.A.2}{Calculating Q\(q\) }{appendix.A}
\BOOKMARK [1][-]{section.A.3}{Calculating T\(q\) }{appendix.A}
\BOOKMARK [0][-]{equation.A.3.1}{Bibliography}{}
